<?xml version="1.0" encoding="UTF-8"?>
<!-- Generated by org.testng.reporters.JUnitReportReporter -->
<testsuite hostname="Xenon" failures="0" tests="2" name="TestNG.Annotations_Test" time="0.066" errors="0" timestamp="2024-03-06T13:20:50 IST" skipped="0">
  <testcase classname="TestNG.Annotations_Test" name="config_T" time="0.053"/>
  <testcase classname="TestNG.Annotations_Test" name="config_T2" time="0.013"/>
</testsuite> <!-- TestNG.Annotations_Test -->
